{"level":"info","message":{"duration":"17 ms","method":"GET","params":{},"path":"/","query":{},"status":200},"timestamp":"2025-01-30T08:36:52.748Z"}
{"level":"info","message":{"duration":"5 ms","method":"GET","params":{},"path":"/auth.css","query":{},"status":200},"timestamp":"2025-01-30T08:36:52.795Z"}
{"level":"info","message":{"duration":"7 ms","method":"GET","params":{},"path":"/auth.js","query":{},"status":200},"timestamp":"2025-01-30T08:36:52.798Z"}
{"level":"info","message":{"duration":"4 ms","method":"GET","params":{},"path":"/signup.html","query":{},"status":200},"timestamp":"2025-01-30T08:36:55.316Z"}
{"level":"info","message":{"duration":"3 ms","method":"GET","params":{},"path":"/auth.css","query":{},"status":304},"timestamp":"2025-01-30T08:36:55.365Z"}
{"level":"info","message":{"duration":"3 ms","method":"GET","params":{},"path":"/auth.js","query":{},"status":304},"timestamp":"2025-01-30T08:36:55.375Z"}
{"level":"info","message":{"duration":"3 ms","method":"GET","params":{},"path":"/login.html","query":{},"status":200},"timestamp":"2025-01-30T08:36:56.805Z"}
{"level":"info","message":{"duration":"3 ms","method":"GET","params":{},"path":"/auth.css","query":{},"status":304},"timestamp":"2025-01-30T08:36:56.857Z"}
{"level":"info","message":{"duration":"8 ms","method":"GET","params":{},"path":"/auth.js","query":{},"status":304},"timestamp":"2025-01-30T08:36:56.864Z"}
{"level":"info","message":{"duration":"2 ms","method":"GET","params":{},"path":"/sell.html","query":{},"status":200},"timestamp":"2025-01-30T08:36:59.110Z"}
{"level":"info","message":{"duration":"3 ms","method":"GET","params":{},"path":"/style.css","query":{},"status":200},"timestamp":"2025-01-30T08:36:59.157Z"}
{"level":"info","message":{"duration":"4 ms","method":"GET","params":{},"path":"/sell.js","query":{},"status":200},"timestamp":"2025-01-30T08:36:59.164Z"}
{"level":"info","message":{"duration":"6 ms","method":"GET","params":{},"path":"/login.html","query":{},"status":304},"timestamp":"2025-01-30T08:43:00.544Z"}
{"level":"info","message":{"duration":"2 ms","method":"GET","params":{},"path":"/auth.css","query":{},"status":304},"timestamp":"2025-01-30T08:43:00.569Z"}
{"level":"info","message":{"duration":"5 ms","method":"GET","params":{},"path":"/auth.js","query":{},"status":200},"timestamp":"2025-01-30T08:43:00.573Z"}
{"level":"info","message":{"body":{"email":"oma2221r.zakarneh5@aa.com","password":"omar12345aa1"},"duration":"19 ms","method":"POST","params":{},"path":"/api/login","query":{},"status":400},"timestamp":"2025-01-30T08:43:02.051Z"}
{"level":"info","message":{"body":{"email":"oma2221r.zakarneh5@aa.com","password":"omar12345aa1"},"duration":"5 ms","method":"POST","params":{},"path":"/api/login","query":{},"status":400},"timestamp":"2025-01-30T08:43:03.709Z"}
{"level":"info","message":{"duration":"3 ms","method":"GET","params":{},"path":"/signup.html","query":{},"status":304},"timestamp":"2025-01-30T08:43:05.290Z"}
{"level":"info","message":{"duration":"2 ms","method":"GET","params":{},"path":"/auth.css","query":{},"status":304},"timestamp":"2025-01-30T08:43:05.318Z"}
{"level":"info","message":{"duration":"2 ms","method":"GET","params":{},"path":"/auth.js","query":{},"status":304},"timestamp":"2025-01-30T08:43:05.327Z"}
{"level":"info","message":{"body":{"email":"oma2221r.zakarneh5@aa.com","firstName":"omar","lastName":"Zakarneh","password":"123456","userName":"omz"},"duration":"149 ms","method":"POST","params":{},"path":"/api/signup","query":{},"status":201},"timestamp":"2025-01-30T08:43:28.561Z"}
{"level":"info","message":{"duration":"2 ms","method":"GET","params":{},"path":"/login.html","query":{},"status":304},"timestamp":"2025-01-30T08:43:29.707Z"}
{"level":"info","message":{"duration":"2 ms","method":"GET","params":{},"path":"/auth.js","query":{},"status":304},"timestamp":"2025-01-30T08:43:29.737Z"}
{"level":"info","message":{"duration":"3 ms","method":"GET","params":{},"path":"/auth.css","query":{},"status":304},"timestamp":"2025-01-30T08:43:29.738Z"}
{"level":"info","message":{"body":{"email":"oma2221r.zakarneh5@aa.com","password":"123456"},"duration":"133 ms","method":"POST","params":{},"path":"/api/login","query":{},"status":200},"timestamp":"2025-01-30T08:43:51.174Z"}
{"level":"info","message":{"duration":"5 ms","method":"GET","params":{},"path":"/sell.html","query":{},"status":304},"timestamp":"2025-01-30T08:43:52.026Z"}
{"level":"info","message":{"duration":"3 ms","method":"GET","params":{},"path":"/style.css","query":{},"status":304},"timestamp":"2025-01-30T08:43:52.062Z"}
{"level":"info","message":{"duration":"2 ms","method":"GET","params":{},"path":"/sell.js","query":{},"status":304},"timestamp":"2025-01-30T08:43:52.072Z"}
{"level":"info","message":{"duration":"4 ms","method":"GET","params":{},"path":"/sell.html","query":{},"status":304},"timestamp":"2025-01-30T08:44:49.459Z"}
{"level":"info","message":{"duration":"2 ms","method":"GET","params":{},"path":"/sell.js","query":{},"status":304},"timestamp":"2025-01-30T08:44:49.495Z"}
{"level":"info","message":{"duration":"4 ms","method":"GET","params":{},"path":"/style.css","query":{},"status":304},"timestamp":"2025-01-30T08:44:49.497Z"}
{"level":"info","message":{"duration":"3 ms","method":"GET","params":{},"path":"/login.html","query":{},"status":304},"timestamp":"2025-01-30T08:44:55.064Z"}
{"level":"info","message":{"duration":"3 ms","method":"GET","params":{},"path":"/auth.css","query":{},"status":304},"timestamp":"2025-01-30T08:44:55.115Z"}
{"level":"info","message":{"duration":"18 ms","method":"GET","params":{},"path":"/auth.js","query":{},"status":200},"timestamp":"2025-01-30T08:44:55.130Z"}
{"level":"info","message":{"duration":"2 ms","method":"GET","params":{},"path":"/signup.html","query":{},"status":304},"timestamp":"2025-01-30T08:44:57.347Z"}
{"level":"info","message":{"duration":"2 ms","method":"GET","params":{},"path":"/auth.css","query":{},"status":304},"timestamp":"2025-01-30T08:44:57.402Z"}
{"level":"info","message":{"duration":"7 ms","method":"GET","params":{},"path":"/auth.js","query":{},"status":304},"timestamp":"2025-01-30T08:44:57.407Z"}
{"level":"info","message":{"body":{"email":"oma2r.zakarneh5@aa.com","firstName":"omar","lastName":"Zakarneh","password":"123456","userName":"zz"},"duration":"109 ms","method":"POST","params":{},"path":"/api/signup","query":{},"status":201},"timestamp":"2025-01-30T08:45:12.766Z"}
{"level":"info","message":{"duration":"2 ms","method":"GET","params":{},"path":"/sell.html","query":{},"status":304},"timestamp":"2025-01-30T08:45:13.671Z"}
{"level":"info","message":{"duration":"2 ms","method":"GET","params":{},"path":"/style.css","query":{},"status":304},"timestamp":"2025-01-30T08:45:13.703Z"}
{"level":"info","message":{"duration":"3 ms","method":"GET","params":{},"path":"/sell.js","query":{},"status":304},"timestamp":"2025-01-30T08:45:13.712Z"}
{"level":"info","message":{"duration":"5 ms","method":"GET","params":{},"path":"/sell.html","query":{},"status":200},"timestamp":"2025-01-30T08:53:44.932Z"}
{"level":"info","message":{"duration":"3 ms","method":"GET","params":{},"path":"/style.css","query":{},"status":200},"timestamp":"2025-01-30T08:53:44.971Z"}
{"level":"info","message":{"duration":"27 ms","method":"GET","params":{},"path":"/sell.js","query":{},"status":200},"timestamp":"2025-01-30T08:53:44.996Z"}
{"level":"info","message":{"duration":"2 ms","method":"GET","params":{},"path":"/login.html","query":{},"status":304},"timestamp":"2025-01-30T08:53:46.352Z"}
{"level":"info","message":{"duration":"1 ms","method":"GET","params":{},"path":"/auth.css","query":{},"status":304},"timestamp":"2025-01-30T08:53:46.380Z"}
{"level":"info","message":{"duration":"3 ms","method":"GET","params":{},"path":"/auth.js","query":{},"status":304},"timestamp":"2025-01-30T08:53:46.382Z"}
{"level":"info","message":{"body":{"email":"oma2r.zakarneh5@aa.com","password":"123456"},"duration":"143 ms","method":"POST","params":{},"path":"/api/login","query":{},"status":200},"timestamp":"2025-01-30T08:54:48.704Z"}
{"level":"info","message":{"duration":"3 ms","method":"GET","params":{},"path":"/sell.html","query":{},"status":304},"timestamp":"2025-01-30T08:54:49.819Z"}
{"level":"info","message":{"duration":"2 ms","method":"GET","params":{},"path":"/style.css","query":{},"status":304},"timestamp":"2025-01-30T08:54:49.857Z"}
{"level":"info","message":{"duration":"6 ms","method":"GET","params":{},"path":"/sell.js","query":{},"status":304},"timestamp":"2025-01-30T08:54:49.861Z"}
{"level":"info","message":{"duration":"5 ms","method":"GET","params":{},"path":"/sell.html","query":{},"status":200},"timestamp":"2025-01-30T09:24:41.513Z"}
{"level":"info","message":{"duration":"1 ms","method":"GET","params":{},"path":"/style.css","query":{},"status":200},"timestamp":"2025-01-30T09:24:41.542Z"}
{"level":"info","message":{"duration":"24 ms","method":"GET","params":{},"path":"/sell.js","query":{},"status":200},"timestamp":"2025-01-30T09:24:41.565Z"}
{"level":"info","message":{"duration":"2 ms","method":"GET","params":{},"path":"/login.html","query":{},"status":304},"timestamp":"2025-01-30T09:25:01.571Z"}
{"level":"info","message":{"duration":"1 ms","method":"GET","params":{},"path":"/auth.css","query":{},"status":304},"timestamp":"2025-01-30T09:25:01.602Z"}
{"level":"info","message":{"duration":"5 ms","method":"GET","params":{},"path":"/auth.js","query":{},"status":304},"timestamp":"2025-01-30T09:25:01.606Z"}
{"level":"info","message":{"body":{"email":"oma2r.zakarneh5@aa.com","password":"123456"},"duration":"170 ms","method":"POST","params":{},"path":"/api/login","query":{},"status":200},"timestamp":"2025-01-30T09:25:03.028Z"}
{"level":"info","message":{"duration":"2 ms","method":"GET","params":{},"path":"/sell.html","query":{},"status":304},"timestamp":"2025-01-30T09:25:03.979Z"}
{"level":"info","message":{"duration":"2 ms","method":"GET","params":{},"path":"/style.css","query":{},"status":304},"timestamp":"2025-01-30T09:25:04.016Z"}
{"level":"info","message":{"duration":"5 ms","method":"GET","params":{},"path":"/sell.js","query":{},"status":304},"timestamp":"2025-01-30T09:25:04.019Z"}
{"level":"info","message":{"duration":"4 ms","method":"GET","params":{},"path":"/sell.html","query":{},"status":304},"timestamp":"2025-01-30T09:26:49.339Z"}
{"level":"info","message":{"duration":"1 ms","method":"GET","params":{},"path":"/style.css","query":{},"status":304},"timestamp":"2025-01-30T09:26:49.365Z"}
{"level":"info","message":{"duration":"30 ms","method":"GET","params":{},"path":"/sell.js","query":{},"status":200},"timestamp":"2025-01-30T09:26:49.394Z"}
{"level":"info","message":{"duration":"2 ms","method":"GET","params":{},"path":"/sell.html","query":{},"status":304},"timestamp":"2025-01-30T09:26:51.393Z"}
{"level":"info","message":{"duration":"3 ms","method":"GET","params":{},"path":"/style.css","query":{},"status":304},"timestamp":"2025-01-30T09:26:51.419Z"}
{"level":"info","message":{"duration":"6 ms","method":"GET","params":{},"path":"/sell.js","query":{},"status":304},"timestamp":"2025-01-30T09:26:51.423Z"}
{"level":"info","message":{"duration":"1 ms","method":"GET","params":{},"path":"/login.html","query":{},"status":304},"timestamp":"2025-01-30T09:26:52.212Z"}
{"level":"info","message":{"duration":"2 ms","method":"GET","params":{},"path":"/auth.css","query":{},"status":304},"timestamp":"2025-01-30T09:26:52.246Z"}
{"level":"info","message":{"duration":"5 ms","method":"GET","params":{},"path":"/auth.js","query":{},"status":304},"timestamp":"2025-01-30T09:26:52.249Z"}
{"level":"info","message":{"body":{"email":"oma2r.zakarneh5@aa.com","password":"123456"},"duration":"173 ms","method":"POST","params":{},"path":"/api/login","query":{},"status":200},"timestamp":"2025-01-30T09:26:53.434Z"}
{"level":"info","message":{"duration":"2 ms","method":"GET","params":{},"path":"/sell.html","query":{},"status":304},"timestamp":"2025-01-30T09:26:54.380Z"}
{"level":"info","message":{"duration":"2 ms","method":"GET","params":{},"path":"/sell.js","query":{},"status":304},"timestamp":"2025-01-30T09:26:54.403Z"}
{"level":"info","message":{"duration":"4 ms","method":"GET","params":{},"path":"/style.css","query":{},"status":304},"timestamp":"2025-01-30T09:26:54.405Z"}
{"level":"info","message":{"duration":"6 ms","method":"GET","params":{},"path":"/sell.html","query":{},"status":200},"timestamp":"2025-01-30T09:27:29.622Z"}
{"level":"info","message":{"duration":"1 ms","method":"GET","params":{},"path":"/style.css","query":{},"status":200},"timestamp":"2025-01-30T09:27:29.652Z"}
{"level":"info","message":{"duration":"20 ms","method":"GET","params":{},"path":"/sell.js","query":{},"status":200},"timestamp":"2025-01-30T09:27:29.671Z"}
{"level":"info","message":{"duration":"18 ms","method":"GET","params":{},"path":"/sell.html","query":{},"status":200},"timestamp":"2025-01-30T09:28:28.077Z"}
{"level":"info","message":{"duration":"2 ms","method":"GET","params":{},"path":"/style.css","query":{},"status":304},"timestamp":"2025-01-30T09:28:28.098Z"}
{"level":"info","message":{"duration":"3 ms","method":"GET","params":{},"path":"/sell.js","query":{},"status":304},"timestamp":"2025-01-30T09:28:28.100Z"}
{"level":"info","message":{"duration":"2 ms","method":"GET","params":{},"path":"/sell.html","query":{},"status":304},"timestamp":"2025-01-30T09:28:32.694Z"}
{"level":"info","message":{"duration":"3 ms","method":"GET","params":{},"path":"/sell.js","query":{},"status":304},"timestamp":"2025-01-30T09:28:32.719Z"}
{"level":"info","message":{"duration":"7 ms","method":"GET","params":{},"path":"/style.css","query":{},"status":304},"timestamp":"2025-01-30T09:28:32.722Z"}
{"level":"info","message":{"duration":"16 ms","method":"GET","params":{},"path":"/sell.html","query":{},"status":200},"timestamp":"2025-01-30T09:29:23.870Z"}
{"level":"info","message":{"duration":"2 ms","method":"GET","params":{},"path":"/style.css","query":{},"status":304},"timestamp":"2025-01-30T09:29:23.905Z"}
{"level":"info","message":{"duration":"5 ms","method":"GET","params":{},"path":"/sell.js","query":{},"status":304},"timestamp":"2025-01-30T09:29:23.909Z"}
{"level":"info","message":{"duration":"4 ms","method":"GET","params":{},"path":"/sell.html","query":{},"status":304},"timestamp":"2025-01-30T09:29:57.498Z"}
{"level":"info","message":{"duration":"4 ms","method":"GET","params":{},"path":"/style.css","query":{},"status":200},"timestamp":"2025-01-30T09:29:57.521Z"}
{"level":"info","message":{"duration":"27 ms","method":"GET","params":{},"path":"/sell.js","query":{},"status":200},"timestamp":"2025-01-30T09:29:57.545Z"}
{"level":"info","message":{"duration":"5 ms","method":"GET","params":{},"path":"/sell.html","query":{},"status":200},"timestamp":"2025-01-30T09:33:19.350Z"}
{"level":"info","message":{"duration":"1 ms","method":"GET","params":{},"path":"/style.css","query":{},"status":304},"timestamp":"2025-01-30T09:33:19.395Z"}
{"level":"info","message":{"duration":"32 ms","method":"GET","params":{},"path":"/sell.js","query":{},"status":200},"timestamp":"2025-01-30T09:33:19.426Z"}
{"level":"info","message":{"duration":"3 ms","method":"GET","params":{},"path":"/sell.html","query":{},"status":304},"timestamp":"2025-01-30T09:34:00.868Z"}
{"level":"info","message":{"duration":"2 ms","method":"GET","params":{},"path":"/style.css","query":{},"status":304},"timestamp":"2025-01-30T09:34:00.898Z"}
{"level":"info","message":{"duration":"36 ms","method":"GET","params":{},"path":"/sell.js","query":{},"status":200},"timestamp":"2025-01-30T09:34:00.932Z"}
{"level":"info","message":{"duration":"3 ms","method":"GET","params":{},"path":"/sell.html","query":{},"status":304},"timestamp":"2025-01-30T09:34:35.700Z"}
{"level":"info","message":{"duration":"2 ms","method":"GET","params":{},"path":"/style.css","query":{},"status":304},"timestamp":"2025-01-30T09:34:35.726Z"}
{"level":"info","message":{"duration":"3 ms","method":"GET","params":{},"path":"/sell.js","query":{},"status":304},"timestamp":"2025-01-30T09:34:35.728Z"}
{"level":"info","message":{"duration":"1 ms","method":"GET","params":{},"path":"/sell.html","query":{},"status":304},"timestamp":"2025-01-30T09:34:51.152Z"}
{"level":"info","message":{"duration":"2 ms","method":"GET","params":{},"path":"/style.css","query":{},"status":304},"timestamp":"2025-01-30T09:34:51.177Z"}
{"level":"info","message":{"duration":"8 ms","method":"GET","params":{},"path":"/sell.js","query":{},"status":304},"timestamp":"2025-01-30T09:34:51.183Z"}
{"level":"info","message":{"duration":"10 ms","method":"GET","params":{},"path":"/sell.html","query":{},"status":304},"timestamp":"2025-01-30T09:52:44.371Z"}
{"level":"info","message":{"duration":"8 ms","method":"GET","params":{},"path":"/style.css","query":{},"status":304},"timestamp":"2025-01-30T09:52:44.406Z"}
{"level":"info","message":{"duration":"13 ms","method":"GET","params":{},"path":"/sell.js","query":{},"status":200},"timestamp":"2025-01-30T09:52:44.427Z"}
{"level":"info","message":{"duration":"27 ms","method":"GET","params":{},"path":"/api/products","query":{},"status":200},"timestamp":"2025-01-30T09:52:44.557Z"}
{"level":"info","message":{"duration":"20 ms","method":"GET","params":{"email":"oma2r.zakarneh5@aa.com"},"path":"/api/user-products/oma2r.zakarneh5@aa.com","query":{},"status":200},"timestamp":"2025-01-30T09:52:44.564Z"}
{"level":"info","message":{"duration":"4 ms","method":"GET","params":{},"path":"/sell.html","query":{},"status":304},"timestamp":"2025-01-30T09:53:12.685Z"}
{"level":"info","message":{"duration":"3 ms","method":"GET","params":{},"path":"/style.css","query":{},"status":304},"timestamp":"2025-01-30T09:53:12.713Z"}
{"level":"info","message":{"duration":"3 ms","method":"GET","params":{},"path":"/sell.js","query":{},"status":304},"timestamp":"2025-01-30T09:53:12.720Z"}
{"level":"info","message":{"duration":"10 ms","method":"GET","params":{},"path":"/api/products","query":{},"status":304},"timestamp":"2025-01-30T09:53:12.755Z"}
{"level":"info","message":{"duration":"16 ms","method":"GET","params":{"email":"oma2r.zakarneh5@aa.com"},"path":"/api/user-products/oma2r.zakarneh5@aa.com","query":{},"status":304},"timestamp":"2025-01-30T09:53:12.762Z"}
{"level":"info","message":{"duration":"2 ms","method":"GET","params":{},"path":"/sell.html","query":{},"status":304},"timestamp":"2025-01-30T09:53:16.174Z"}
{"level":"info","message":{"duration":"2 ms","method":"GET","params":{},"path":"/style.css","query":{},"status":304},"timestamp":"2025-01-30T09:53:16.205Z"}
{"level":"info","message":{"duration":"2 ms","method":"GET","params":{},"path":"/sell.js","query":{},"status":304},"timestamp":"2025-01-30T09:53:16.210Z"}
{"level":"info","message":{"duration":"10 ms","method":"GET","params":{"email":"oma2r.zakarneh5@aa.com"},"path":"/api/user-products/oma2r.zakarneh5@aa.com","query":{},"status":304},"timestamp":"2025-01-30T09:53:16.241Z"}
{"level":"info","message":{"duration":"10 ms","method":"GET","params":{},"path":"/api/products","query":{},"status":304},"timestamp":"2025-01-30T09:53:16.245Z"}
{"level":"info","message":{"duration":"7 ms","method":"GET","params":{},"path":"/","query":{},"status":200},"timestamp":"2025-01-30T09:56:25.295Z"}
{"level":"info","message":{"duration":"2 ms","method":"GET","params":{},"path":"/auth.css","query":{},"status":304},"timestamp":"2025-01-30T09:56:25.330Z"}
{"level":"info","message":{"duration":"4 ms","method":"GET","params":{},"path":"/auth.js","query":{},"status":304},"timestamp":"2025-01-30T09:56:25.333Z"}
{"level":"info","message":{"body":{"email":"oma2r.zakarneh5@aa.com","password":"123456"},"duration":"65 ms","method":"POST","params":{},"path":"/api/login","query":{},"status":200},"timestamp":"2025-01-30T09:56:26.627Z"}
{"level":"info","message":{"duration":"2 ms","method":"GET","params":{},"path":"/sell.html","query":{},"status":200},"timestamp":"2025-01-30T09:56:27.516Z"}
{"level":"info","message":{"duration":"2 ms","method":"GET","params":{},"path":"/style.css","query":{},"status":304},"timestamp":"2025-01-30T09:56:27.554Z"}
{"level":"info","message":{"duration":"5 ms","method":"GET","params":{},"path":"/sell.js","query":{},"status":200},"timestamp":"2025-01-30T09:56:27.558Z"}
{"level":"info","message":{"duration":"5 ms","method":"GET","params":{},"path":"/sell.html","query":{},"status":304},"timestamp":"2025-01-30T10:06:05.777Z"}
{"level":"info","message":{"duration":"2 ms","method":"GET","params":{},"path":"/style.css","query":{},"status":304},"timestamp":"2025-01-30T10:06:05.804Z"}
{"level":"info","message":{"duration":"28 ms","method":"GET","params":{},"path":"/sell.js","query":{},"status":200},"timestamp":"2025-01-30T10:06:05.830Z"}
{"level":"info","message":{"duration":"10 ms","method":"GET","params":{},"path":"/","query":{},"status":200},"timestamp":"2025-01-30T10:07:17.352Z"}
{"level":"info","message":{"duration":"1 ms","method":"GET","params":{},"path":"/auth.css","query":{},"status":304},"timestamp":"2025-01-30T10:07:17.374Z"}
{"level":"info","message":{"duration":"3 ms","method":"GET","params":{},"path":"/auth.js","query":{},"status":304},"timestamp":"2025-01-30T10:07:17.376Z"}
{"level":"info","message":{"body":{"email":"oma2r.zakarneh5@aa.com","password":"123456"},"duration":"66 ms","method":"POST","params":{},"path":"/api/login","query":{},"status":200},"timestamp":"2025-01-30T10:07:18.588Z"}
{"level":"info","message":{"duration":"12 ms","method":"GET","params":{},"path":"/sell.html","query":{},"status":200},"timestamp":"2025-01-30T10:07:19.995Z"}
{"level":"info","message":{"duration":"5 ms","method":"GET","params":{},"path":"/style.css","query":{},"status":304},"timestamp":"2025-01-30T10:07:20.036Z"}
{"level":"info","message":{"duration":"8 ms","method":"GET","params":{},"path":"/sell.js","query":{},"status":200},"timestamp":"2025-01-30T10:07:20.040Z"}
{"level":"info","message":{"duration":"4 ms","method":"GET","params":{},"path":"/sell.html","query":{},"status":304},"timestamp":"2025-01-30T10:09:44.534Z"}
{"level":"info","message":{"duration":"1 ms","method":"GET","params":{},"path":"/style.css","query":{},"status":304},"timestamp":"2025-01-30T10:09:44.557Z"}
{"level":"info","message":{"duration":"32 ms","method":"GET","params":{},"path":"/sell.js","query":{},"status":200},"timestamp":"2025-01-30T10:09:44.589Z"}
{"level":"info","message":{"duration":"9 ms","method":"GET","params":{},"path":"/api/products","query":{},"status":304},"timestamp":"2025-01-30T10:09:44.652Z"}
{"level":"info","message":{"duration":"3 ms","method":"GET","params":{},"path":"/sell.html","query":{},"status":304},"timestamp":"2025-01-30T10:09:45.193Z"}
{"level":"info","message":{"duration":"3 ms","method":"GET","params":{},"path":"/style.css","query":{},"status":304},"timestamp":"2025-01-30T10:09:45.223Z"}
{"level":"info","message":{"duration":"5 ms","method":"GET","params":{},"path":"/sell.js","query":{},"status":304},"timestamp":"2025-01-30T10:09:45.226Z"}
{"level":"info","message":{"duration":"5 ms","method":"GET","params":{},"path":"/api/products","query":{},"status":304},"timestamp":"2025-01-30T10:09:45.248Z"}
{"level":"info","message":{"duration":"6 ms","method":"GET","params":{},"path":"/api/products","query":{},"status":304},"timestamp":"2025-01-30T10:10:09.672Z"}
{"level":"info","message":{"duration":"8 ms","method":"GET","params":{},"path":"/api/products","query":{},"status":304},"timestamp":"2025-01-30T10:10:09.692Z"}
{"level":"info","message":{"duration":"5 ms","method":"GET","params":{},"path":"/sell.html","query":{},"status":304},"timestamp":"2025-01-30T10:30:05.523Z"}
{"level":"info","message":{"duration":"3 ms","method":"GET","params":{},"path":"/style.css","query":{},"status":304},"timestamp":"2025-01-30T10:30:05.556Z"}
{"level":"info","message":{"duration":"9 ms","method":"GET","params":{},"path":"/sell.js","query":{},"status":200},"timestamp":"2025-01-30T10:30:05.562Z"}
{"level":"info","message":{"duration":"4 ms","method":"GET","params":{},"path":"/sell.html","query":{},"status":304},"timestamp":"2025-01-30T10:33:06.244Z"}
{"level":"info","message":{"duration":"2 ms","method":"GET","params":{},"path":"/style.css","query":{},"status":304},"timestamp":"2025-01-30T10:33:06.266Z"}
{"level":"info","message":{"duration":"39 ms","method":"GET","params":{},"path":"/sell.js","query":{},"status":200},"timestamp":"2025-01-30T10:33:06.303Z"}
{"level":"info","message":{"duration":"2 ms","method":"GET","params":{},"path":"/sell.html","query":{},"status":304},"timestamp":"2025-01-30T10:33:08.409Z"}
{"level":"info","message":{"duration":"2 ms","method":"GET","params":{},"path":"/style.css","query":{},"status":304},"timestamp":"2025-01-30T10:33:08.429Z"}
{"level":"info","message":{"duration":"1 ms","method":"GET","params":{},"path":"/sell.js","query":{},"status":304},"timestamp":"2025-01-30T10:33:08.440Z"}
{"level":"info","message":{"duration":"2 ms","method":"GET","params":{},"path":"/sell.html","query":{},"status":304},"timestamp":"2025-01-30T10:33:08.771Z"}
{"level":"info","message":{"duration":"2 ms","method":"GET","params":{},"path":"/style.css","query":{},"status":304},"timestamp":"2025-01-30T10:33:08.799Z"}
{"level":"info","message":{"duration":"2 ms","method":"GET","params":{},"path":"/sell.js","query":{},"status":304},"timestamp":"2025-01-30T10:33:08.800Z"}
{"level":"info","message":{"duration":"2 ms","method":"GET","params":{},"path":"/sell.html","query":{},"status":304},"timestamp":"2025-01-30T10:33:09.010Z"}
{"level":"info","message":{"duration":"1 ms","method":"GET","params":{},"path":"/style.css","query":{},"status":304},"timestamp":"2025-01-30T10:33:09.029Z"}
{"level":"info","message":{"duration":"1 ms","method":"GET","params":{},"path":"/sell.js","query":{},"status":304},"timestamp":"2025-01-30T10:33:09.036Z"}
{"level":"info","message":{"duration":"2 ms","method":"GET","params":{},"path":"/sell.html","query":{},"status":304},"timestamp":"2025-01-30T10:33:09.176Z"}
{"level":"info","message":{"duration":"4 ms","method":"GET","params":{},"path":"/style.css","query":{},"status":304},"timestamp":"2025-01-30T10:33:09.202Z"}
{"level":"info","message":{"duration":"3 ms","method":"GET","params":{},"path":"/sell.js","query":{},"status":304},"timestamp":"2025-01-30T10:33:09.211Z"}
{"level":"info","message":{"duration":"1 ms","method":"GET","params":{},"path":"/sell.html","query":{},"status":304},"timestamp":"2025-01-30T10:33:09.339Z"}
{"level":"info","message":{"duration":"3 ms","method":"GET","params":{},"path":"/style.css","query":{},"status":304},"timestamp":"2025-01-30T10:33:09.364Z"}
{"level":"info","message":{"duration":"3 ms","method":"GET","params":{},"path":"/sell.js","query":{},"status":304},"timestamp":"2025-01-30T10:33:09.365Z"}
{"level":"info","message":{"duration":"1 ms","method":"GET","params":{},"path":"/sell.html","query":{},"status":304},"timestamp":"2025-01-30T10:33:09.513Z"}
{"level":"info","message":{"duration":"2 ms","method":"GET","params":{},"path":"/sell.js","query":{},"status":304},"timestamp":"2025-01-30T10:33:09.539Z"}
{"level":"info","message":{"duration":"7 ms","method":"GET","params":{},"path":"/style.css","query":{},"status":304},"timestamp":"2025-01-30T10:33:09.544Z"}
{"level":"info","message":{"duration":"2 ms","method":"GET","params":{},"path":"/sell.html","query":{},"status":304},"timestamp":"2025-01-30T10:33:09.689Z"}
{"level":"info","message":{"duration":"1 ms","method":"GET","params":{},"path":"/style.css","query":{},"status":304},"timestamp":"2025-01-30T10:33:09.705Z"}
{"level":"info","message":{"duration":"5 ms","method":"GET","params":{},"path":"/sell.js","query":{},"status":304},"timestamp":"2025-01-30T10:33:09.710Z"}
{"level":"info","message":{"duration":"16 ms","method":"GET","params":{},"path":"/","query":{},"status":200},"timestamp":"2025-01-30T10:33:48.115Z"}
{"level":"info","message":{"duration":"3 ms","method":"GET","params":{},"path":"/auth.css","query":{},"status":304},"timestamp":"2025-01-30T10:33:48.154Z"}
{"level":"info","message":{"duration":"6 ms","method":"GET","params":{},"path":"/auth.js","query":{},"status":304},"timestamp":"2025-01-30T10:33:48.159Z"}
{"level":"info","message":{"body":{"email":"oma2r.zakarneh5@aa.com","password":"123456"},"duration":"71 ms","method":"POST","params":{},"path":"/api/login","query":{},"status":200},"timestamp":"2025-01-30T10:33:49.698Z"}
{"level":"info","message":{"duration":"13 ms","method":"GET","params":{},"path":"/sell.html","query":{},"status":200},"timestamp":"2025-01-30T10:33:50.459Z"}
{"level":"info","message":{"duration":"2 ms","method":"GET","params":{},"path":"/style.css","query":{},"status":304},"timestamp":"2025-01-30T10:33:50.506Z"}
{"level":"info","message":{"duration":"2 ms","method":"GET","params":{},"path":"/sell.js","query":{},"status":304},"timestamp":"2025-01-30T10:33:50.516Z"}
{"level":"info","message":{"body":{"description":"aaa","images":["blob:http://localhost:3000/5dcc41f8-75c5-453d-8b32-3caa00e43743"],"name":"aa","owner":"oma2r.zakarneh5@aa.com","price":"111"},"duration":"26 ms","method":"POST","params":{},"path":"/api/products","query":{},"status":201},"timestamp":"2025-01-30T10:34:01.707Z"}
{"level":"info","message":{"duration":"15 ms","method":"GET","params":{},"path":"/api/products","query":{},"status":200},"timestamp":"2025-01-30T10:34:02.387Z"}
{"level":"info","message":{"duration":"3 ms","method":"GET","params":{},"path":"/sell.html","query":{},"status":304},"timestamp":"2025-01-30T10:34:12.694Z"}
{"level":"info","message":{"duration":"5 ms","method":"GET","params":{},"path":"/sell.js","query":{},"status":304},"timestamp":"2025-01-30T10:34:12.726Z"}
{"level":"info","message":{"duration":"10 ms","method":"GET","params":{},"path":"/style.css","query":{},"status":304},"timestamp":"2025-01-30T10:34:12.732Z"}
{"level":"info","message":{"duration":"2 ms","method":"GET","params":{},"path":"/sell.html","query":{},"status":304},"timestamp":"2025-01-30T10:34:37.424Z"}
{"level":"info","message":{"duration":"2 ms","method":"GET","params":{},"path":"/sell.js","query":{},"status":304},"timestamp":"2025-01-30T10:34:37.460Z"}
{"level":"info","message":{"duration":"8 ms","method":"GET","params":{},"path":"/style.css","query":{},"status":304},"timestamp":"2025-01-30T10:34:37.466Z"}
{"level":"info","message":{"duration":"2 ms","method":"GET","params":{},"path":"/sell.html","query":{},"status":304},"timestamp":"2025-01-30T10:34:39.702Z"}
{"level":"info","message":{"duration":"2 ms","method":"GET","params":{},"path":"/sell.js","query":{},"status":304},"timestamp":"2025-01-30T10:34:39.734Z"}
{"level":"info","message":{"duration":"4 ms","method":"GET","params":{},"path":"/style.css","query":{},"status":304},"timestamp":"2025-01-30T10:34:39.736Z"}
{"level":"info","message":{"duration":"2 ms","method":"GET","params":{},"path":"/sell.html","query":{},"status":304},"timestamp":"2025-01-30T10:34:42.421Z"}
{"level":"info","message":{"duration":"4 ms","method":"GET","params":{},"path":"/style.css","query":{},"status":304},"timestamp":"2025-01-30T10:34:42.448Z"}
{"level":"info","message":{"duration":"4 ms","method":"GET","params":{},"path":"/sell.js","query":{},"status":304},"timestamp":"2025-01-30T10:34:42.449Z"}
{"level":"info","message":{"duration":"1 ms","method":"GET","params":{},"path":"/sell.html","query":{},"status":304},"timestamp":"2025-01-30T10:34:44.153Z"}
{"level":"info","message":{"duration":"2 ms","method":"GET","params":{},"path":"/style.css","query":{},"status":304},"timestamp":"2025-01-30T10:34:44.173Z"}
{"level":"info","message":{"duration":"3 ms","method":"GET","params":{},"path":"/sell.js","query":{},"status":304},"timestamp":"2025-01-30T10:34:44.174Z"}
{"level":"info","message":{"duration":"2 ms","method":"GET","params":{},"path":"/sell.html","query":{},"status":304},"timestamp":"2025-01-30T10:34:46.247Z"}
{"level":"info","message":{"duration":"2 ms","method":"GET","params":{},"path":"/sell.js","query":{},"status":304},"timestamp":"2025-01-30T10:34:46.274Z"}
{"level":"info","message":{"duration":"5 ms","method":"GET","params":{},"path":"/style.css","query":{},"status":304},"timestamp":"2025-01-30T10:34:46.277Z"}
{"level":"info","message":{"duration":"4 ms","method":"GET","params":{},"path":"/sell.html","query":{},"status":304},"timestamp":"2025-01-30T10:42:16.613Z"}
{"level":"info","message":{"duration":"2 ms","method":"GET","params":{},"path":"/style.css","query":{},"status":304},"timestamp":"2025-01-30T10:42:16.633Z"}
{"level":"info","message":{"duration":"28 ms","method":"GET","params":{},"path":"/sell.js","query":{},"status":200},"timestamp":"2025-01-30T10:42:16.660Z"}
{"level":"info","message":{"duration":"18 ms","method":"GET","params":{},"path":"/api/products","query":{},"status":304},"timestamp":"2025-01-30T10:42:16.731Z"}
{"level":"info","message":{"body":{"description":"11","images":["blob:http://localhost:3000/a6ebd1c8-1af1-435c-b78d-4a73c216aca8"],"name":"ششش","owner":"oma2r.zakarneh5@aa.com","price":"3"},"duration":"13 ms","method":"POST","params":{},"path":"/api/products","query":{},"status":201},"timestamp":"2025-01-30T10:42:35.336Z"}
{"level":"info","message":{"duration":"3 ms","method":"GET","params":{},"path":"/sell.html","query":{},"status":304},"timestamp":"2025-01-30T10:42:43.864Z"}
{"level":"info","message":{"duration":"4 ms","method":"GET","params":{},"path":"/style.css","query":{},"status":304},"timestamp":"2025-01-30T10:42:43.887Z"}
{"level":"info","message":{"duration":"8 ms","method":"GET","params":{},"path":"/sell.js","query":{},"status":304},"timestamp":"2025-01-30T10:42:43.892Z"}
{"level":"info","message":{"duration":"15 ms","method":"GET","params":{},"path":"/api/products","query":{},"status":200},"timestamp":"2025-01-30T10:42:43.933Z"}
{"level":"info","message":{"body":{},"duration":"27 ms","method":"DELETE","params":{"id":"679b55996fd3ebd5d9a057f6"},"path":"/api/products/679b55996fd3ebd5d9a057f6","query":{},"status":200},"timestamp":"2025-01-30T10:42:52.199Z"}
{"level":"info","message":{"duration":"3 ms","method":"GET","params":{},"path":"/sell.html","query":{},"status":304},"timestamp":"2025-01-30T10:57:12.282Z"}
{"level":"info","message":{"duration":"2 ms","method":"GET","params":{},"path":"/style.css","query":{},"status":304},"timestamp":"2025-01-30T10:57:12.306Z"}
{"level":"info","message":{"duration":"45 ms","method":"GET","params":{},"path":"/sell.js","query":{},"status":200},"timestamp":"2025-01-30T10:57:12.349Z"}
{"level":"info","message":{"duration":"13 ms","method":"GET","params":{},"path":"/api/products","query":{},"status":200},"timestamp":"2025-01-30T10:57:12.439Z"}
{"level":"info","message":{"body":{"description":"ششش","images":["blob:http://localhost:3000/fb41e977-d192-4e2f-b372-0a8144845929"],"name":"ششش","owner":"oma2r.zakarneh5@aa.com","price":"123"},"duration":"11 ms","method":"POST","params":{},"path":"/api/products","query":{},"status":201},"timestamp":"2025-01-30T10:57:32.060Z"}
{"level":"info","message":{"duration":"4 ms","method":"GET","params":{},"path":"/sell.html","query":{},"status":304},"timestamp":"2025-01-30T10:58:23.875Z"}
{"level":"info","message":{"duration":"1 ms","method":"GET","params":{},"path":"/style.css","query":{},"status":304},"timestamp":"2025-01-30T10:58:23.893Z"}
{"level":"info","message":{"duration":"32 ms","method":"GET","params":{},"path":"/sell.js","query":{},"status":200},"timestamp":"2025-01-30T10:58:23.924Z"}
{"level":"info","message":{"duration":"27 ms","method":"GET","params":{},"path":"/api/products","query":{},"status":200},"timestamp":"2025-01-30T10:58:24.023Z"}
{"level":"info","message":{"duration":"3 ms","method":"GET","params":{},"path":"/sell.html","query":{},"status":304},"timestamp":"2025-01-30T10:58:28.911Z"}
{"level":"info","message":{"duration":"4 ms","method":"GET","params":{},"path":"/style.css","query":{},"status":304},"timestamp":"2025-01-30T10:58:28.939Z"}
{"level":"info","message":{"duration":"7 ms","method":"GET","params":{},"path":"/sell.js","query":{},"status":304},"timestamp":"2025-01-30T10:58:28.953Z"}
{"level":"info","message":{"duration":"13 ms","method":"GET","params":{},"path":"/api/products","query":{},"status":304},"timestamp":"2025-01-30T10:58:28.984Z"}
{"level":"info","message":{"body":{"description":"يي","images":["blob:http://localhost:3000/071df853-556d-475f-8036-4a94ac017d0a"],"name":"يسريسر","owner":"oma2r.zakarneh5@aa.com","price":"555"},"duration":"18 ms","method":"POST","params":{},"path":"/api/products","query":{},"status":201},"timestamp":"2025-01-30T10:58:40.652Z"}
{"level":"info","message":{"duration":"5 ms","method":"GET","params":{},"path":"/sell.html","query":{},"status":304},"timestamp":"2025-01-30T11:02:52.308Z"}
{"level":"info","message":{"duration":"1 ms","method":"GET","params":{},"path":"/style.css","query":{},"status":304},"timestamp":"2025-01-30T11:02:52.324Z"}
{"level":"info","message":{"duration":"30 ms","method":"GET","params":{},"path":"/sell.js","query":{},"status":200},"timestamp":"2025-01-30T11:02:52.353Z"}
{"level":"info","message":{"duration":"14 ms","method":"GET","params":{},"path":"/api/products","query":{},"status":200},"timestamp":"2025-01-30T11:02:52.426Z"}
{"level":"info","message":{"body":{},"duration":"23 ms","method":"DELETE","params":{"id":"679b5b1ce6670e37d1e25f61"},"path":"/api/products/679b5b1ce6670e37d1e25f61","query":{},"status":200},"timestamp":"2025-01-30T11:03:04.628Z"}
{"level":"info","message":{"body":{"description":"يرسي","images":["blob:http://localhost:3000/fe819e2f-eece-486f-9996-35e586671677"],"name":"ؤءلاؤءلا","owner":"oma2r.zakarneh5@aa.com","price":"678"},"duration":"19 ms","method":"POST","params":{},"path":"/api/products","query":{},"status":201},"timestamp":"2025-01-30T11:03:18.690Z"}
{"level":"info","message":{"duration":"4 ms","method":"GET","params":{},"path":"/sell.html","query":{},"status":304},"timestamp":"2025-01-30T11:04:56.720Z"}
{"level":"info","message":{"duration":"2 ms","method":"GET","params":{},"path":"/style.css","query":{},"status":304},"timestamp":"2025-01-30T11:04:56.746Z"}
{"level":"info","message":{"duration":"41 ms","method":"GET","params":{},"path":"/sell.js","query":{},"status":200},"timestamp":"2025-01-30T11:04:56.785Z"}
{"level":"info","message":{"duration":"13 ms","method":"GET","params":{},"path":"/api/products","query":{},"status":200},"timestamp":"2025-01-30T11:04:56.858Z"}
{"level":"info","message":{"body":{},"duration":"14 ms","method":"DELETE","params":{"id":"679b579bdb76b2f0d2ce5b3e"},"path":"/api/products/679b579bdb76b2f0d2ce5b3e","query":{},"status":200},"timestamp":"2025-01-30T11:05:00.607Z"}
{"level":"info","message":{"body":{},"duration":"11 ms","method":"DELETE","params":{"id":"679b5b60fc897b682410831d"},"path":"/api/products/679b5b60fc897b682410831d","query":{},"status":200},"timestamp":"2025-01-30T11:05:03.014Z"}
{"level":"info","message":{"body":{"description":"رش","images":["blob:http://localhost:3000/93ad4272-2105-4c97-b038-36e4cc891cfd"],"name":"aa","owner":"oma2r.zakarneh5@aa.com","price":"1234"},"duration":"24 ms","method":"POST","params":{},"path":"/api/products","query":{},"status":201},"timestamp":"2025-01-30T11:05:22.646Z"}
{"level":"info","message":{"duration":"2 ms","method":"GET","params":{},"path":"/sell.html","query":{},"status":304},"timestamp":"2025-01-30T11:05:38.647Z"}
{"level":"info","message":{"duration":"3 ms","method":"GET","params":{},"path":"/style.css","query":{},"status":304},"timestamp":"2025-01-30T11:05:38.682Z"}
{"level":"info","message":{"duration":"8 ms","method":"GET","params":{},"path":"/sell.js","query":{},"status":304},"timestamp":"2025-01-30T11:05:38.687Z"}
{"level":"info","message":{"duration":"10 ms","method":"GET","params":{},"path":"/api/products","query":{},"status":200},"timestamp":"2025-01-30T11:05:38.711Z"}
{"level":"info","message":{"duration":"4 ms","method":"GET","params":{},"path":"/sell.html","query":{},"status":304},"timestamp":"2025-01-30T11:06:52.219Z"}
{"level":"info","message":{"duration":"3 ms","method":"GET","params":{},"path":"/style.css","query":{},"status":304},"timestamp":"2025-01-30T11:06:52.242Z"}
{"level":"info","message":{"duration":"39 ms","method":"GET","params":{},"path":"/sell.js","query":{},"status":200},"timestamp":"2025-01-30T11:06:52.279Z"}
{"level":"info","message":{"duration":"23 ms","method":"GET","params":{},"path":"/api/products","query":{},"status":304},"timestamp":"2025-01-30T11:06:52.379Z"}
{"level":"info","message":{"body":{},"duration":"24 ms","method":"DELETE","params":{"id":"679b5c76824057a789d09c36"},"path":"/api/products/679b5c76824057a789d09c36","query":{},"status":200},"timestamp":"2025-01-30T11:06:56.425Z"}
{"level":"info","message":{"body":{},"duration":"12 ms","method":"DELETE","params":{"id":"679b5cf2ddf6ffdfc79235b4"},"path":"/api/products/679b5cf2ddf6ffdfc79235b4","query":{},"status":200},"timestamp":"2025-01-30T11:06:59.233Z"}
{"level":"info","message":{"body":{"description":"شششش","images":["blob:http://localhost:3000/b01b0646-d985-4ebd-8e27-04f7c021da50"],"name":"ششش","owner":"oma2r.zakarneh5@aa.com","price":"123"},"duration":"19 ms","method":"POST","params":{},"path":"/api/products","query":{},"status":201},"timestamp":"2025-01-30T11:07:10.564Z"}
{"level":"info","message":{"duration":"4 ms","method":"GET","params":{},"path":"/sell.html","query":{},"status":304},"timestamp":"2025-01-30T11:10:45.659Z"}
{"level":"info","message":{"duration":"2 ms","method":"GET","params":{},"path":"/style.css","query":{},"status":304},"timestamp":"2025-01-30T11:10:45.684Z"}
{"level":"info","message":{"duration":"30 ms","method":"GET","params":{},"path":"/sell.js","query":{},"status":200},"timestamp":"2025-01-30T11:10:45.711Z"}
{"level":"info","message":{"duration":"10 ms","method":"GET","params":{},"path":"/api/products","query":{},"status":200},"timestamp":"2025-01-30T11:10:45.783Z"}
{"level":"info","message":{"duration":"8 ms","method":"GET","params":{},"path":"/api/user/products","query":{"email":"oma2r.zakarneh5@aa.com"},"status":200},"timestamp":"2025-01-30T11:10:47.767Z"}
{"level":"info","message":{"duration":"3 ms","method":"GET","params":{},"path":"/login.html","query":{},"status":304},"timestamp":"2025-01-30T11:11:24.309Z"}
{"level":"info","message":{"duration":"2 ms","method":"GET","params":{},"path":"/auth.js","query":{},"status":304},"timestamp":"2025-01-30T11:11:24.347Z"}
{"level":"info","message":{"duration":"4 ms","method":"GET","params":{},"path":"/auth.css","query":{},"status":304},"timestamp":"2025-01-30T11:11:24.350Z"}
{"level":"info","message":{"body":{"email":"oma2221r.zakarneh5@aa.com","password":"123456"},"duration":"138 ms","method":"POST","params":{},"path":"/api/login","query":{},"status":200},"timestamp":"2025-01-30T11:11:30.017Z"}
{"level":"info","message":{"duration":"3 ms","method":"GET","params":{},"path":"/sell.html","query":{},"status":304},"timestamp":"2025-01-30T11:11:30.850Z"}
{"level":"info","message":{"duration":"3 ms","method":"GET","params":{},"path":"/style.css","query":{},"status":304},"timestamp":"2025-01-30T11:11:30.894Z"}
{"level":"info","message":{"duration":"6 ms","method":"GET","params":{},"path":"/sell.js","query":{},"status":304},"timestamp":"2025-01-30T11:11:30.897Z"}
{"level":"info","message":{"duration":"13 ms","method":"GET","params":{},"path":"/api/products","query":{},"status":304},"timestamp":"2025-01-30T11:11:30.929Z"}
{"level":"info","message":{"duration":"6 ms","method":"GET","params":{},"path":"/api/user/products","query":{"email":"oma2221r.zakarneh5@aa.com"},"status":200},"timestamp":"2025-01-30T11:11:34.258Z"}
{"level":"info","message":{"body":{},"duration":"23 ms","method":"DELETE","params":{"id":"679b5d5e21374cd35ac8a537"},"path":"/api/products/679b5d5e21374cd35ac8a537","query":{},"status":200},"timestamp":"2025-01-30T11:11:37.736Z"}
{"level":"info","message":{"duration":"2 ms","method":"GET","params":{},"path":"/sell.html","query":{},"status":304},"timestamp":"2025-01-30T11:11:39.921Z"}
{"level":"info","message":{"duration":"2 ms","method":"GET","params":{},"path":"/style.css","query":{},"status":304},"timestamp":"2025-01-30T11:11:39.951Z"}
{"level":"info","message":{"duration":"4 ms","method":"GET","params":{},"path":"/sell.js","query":{},"status":304},"timestamp":"2025-01-30T11:11:39.954Z"}
{"level":"info","message":{"duration":"7 ms","method":"GET","params":{},"path":"/api/products","query":{},"status":200},"timestamp":"2025-01-30T11:11:39.980Z"}
{"level":"info","message":{"duration":"2 ms","method":"GET","params":{},"path":"/login.html","query":{},"status":304},"timestamp":"2025-01-30T11:11:42.999Z"}
{"level":"info","message":{"duration":"3 ms","method":"GET","params":{},"path":"/auth.css","query":{},"status":304},"timestamp":"2025-01-30T11:11:43.030Z"}
{"level":"info","message":{"duration":"6 ms","method":"GET","params":{},"path":"/auth.js","query":{},"status":304},"timestamp":"2025-01-30T11:11:43.033Z"}
{"level":"info","message":{"body":{"email":"oma2r.zakarneh5@aa.com","password":"123456"},"duration":"99 ms","method":"POST","params":{},"path":"/api/login","query":{},"status":200},"timestamp":"2025-01-30T11:11:53.636Z"}
{"level":"info","message":{"duration":"1 ms","method":"GET","params":{},"path":"/sell.html","query":{},"status":304},"timestamp":"2025-01-30T11:11:54.269Z"}
{"level":"info","message":{"duration":"2 ms","method":"GET","params":{},"path":"/sell.js","query":{},"status":304},"timestamp":"2025-01-30T11:11:54.297Z"}
{"level":"info","message":{"duration":"6 ms","method":"GET","params":{},"path":"/style.css","query":{},"status":304},"timestamp":"2025-01-30T11:11:54.301Z"}
{"level":"info","message":{"duration":"7 ms","method":"GET","params":{},"path":"/api/products","query":{},"status":304},"timestamp":"2025-01-30T11:11:54.322Z"}
{"level":"info","message":{"duration":"5 ms","method":"GET","params":{},"path":"/api/user/products","query":{"email":"oma2r.zakarneh5@aa.com"},"status":200},"timestamp":"2025-01-30T11:11:56.989Z"}
{"level":"info","message":{"duration":"4 ms","method":"GET","params":{},"path":"/sell.html","query":{},"status":304},"timestamp":"2025-01-30T11:13:43.678Z"}
{"level":"info","message":{"duration":"5 ms","method":"GET","params":{},"path":"/style.css","query":{},"status":304},"timestamp":"2025-01-30T11:13:43.704Z"}
{"level":"info","message":{"duration":"32 ms","method":"GET","params":{},"path":"/sell.js","query":{},"status":200},"timestamp":"2025-01-30T11:13:43.732Z"}
{"level":"info","message":{"duration":"10 ms","method":"GET","params":{},"path":"/api/products","query":{},"status":304},"timestamp":"2025-01-30T11:13:43.802Z"}
{"level":"info","message":{"body":{"description":"سؤش","images":["blob:http://localhost:3000/2b8def69-3c2c-4c76-9120-9311e86625ed"],"name":"aa","owner":"oma2r.zakarneh5@aa.com","price":"123"},"duration":"26 ms","method":"POST","params":{},"path":"/api/products","query":{},"status":201},"timestamp":"2025-01-30T11:13:59.626Z"}
{"level":"info","message":{"duration":"10 ms","method":"GET","params":{},"path":"/api/user/products","query":{"email":"oma2r.zakarneh5@aa.com"},"status":200},"timestamp":"2025-01-30T11:14:06.303Z"}
{"level":"info","message":{"duration":"2 ms","method":"GET","params":{},"path":"/sell.html","query":{},"status":304},"timestamp":"2025-01-30T11:14:30.639Z"}
{"level":"info","message":{"duration":"7 ms","method":"GET","params":{},"path":"/style.css","query":{},"status":304},"timestamp":"2025-01-30T11:14:30.689Z"}
{"level":"info","message":{"duration":"12 ms","method":"GET","params":{},"path":"/sell.js","query":{},"status":304},"timestamp":"2025-01-30T11:14:30.695Z"}
{"level":"info","message":{"duration":"11 ms","method":"GET","params":{},"path":"/api/products","query":{},"status":200},"timestamp":"2025-01-30T11:14:30.737Z"}
{"level":"info","message":{"body":{"description":"ريريءري","images":["blob:http://localhost:3000/90d7a987-6d26-47dd-845e-d10dae07f045"],"name":"aa","owner":"oma2r.zakarneh5@aa.com","price":"123345"},"duration":"8 ms","method":"POST","params":{},"path":"/api/products","query":{},"status":201},"timestamp":"2025-01-30T11:14:44.708Z"}
{"level":"info","message":{"duration":"6 ms","method":"GET","params":{},"path":"/api/user/products","query":{"email":"oma2r.zakarneh5@aa.com"},"status":200},"timestamp":"2025-01-30T11:14:48.827Z"}
{"level":"info","message":{"duration":"4 ms","method":"GET","params":{},"path":"/api/user/products","query":{"email":"oma2r.zakarneh5@aa.com"},"status":304},"timestamp":"2025-01-30T11:14:53.453Z"}
{"level":"info","message":{"duration":"3 ms","method":"GET","params":{},"path":"/login.html","query":{},"status":304},"timestamp":"2025-01-30T11:15:09.326Z"}
{"level":"info","message":{"duration":"6 ms","method":"GET","params":{},"path":"/auth.js","query":{},"status":304},"timestamp":"2025-01-30T11:15:09.361Z"}
{"level":"info","message":{"duration":"9 ms","method":"GET","params":{},"path":"/auth.css","query":{},"status":304},"timestamp":"2025-01-30T11:15:09.365Z"}
{"level":"info","message":{"body":{"email":"oma2221r.zakarneh5@aa.com","password":"123456"},"duration":"110 ms","method":"POST","params":{},"path":"/api/login","query":{},"status":200},"timestamp":"2025-01-30T11:15:14.988Z"}
{"level":"info","message":{"duration":"2 ms","method":"GET","params":{},"path":"/sell.html","query":{},"status":304},"timestamp":"2025-01-30T11:15:16.146Z"}
{"level":"info","message":{"duration":"1 ms","method":"GET","params":{},"path":"/sell.js","query":{},"status":304},"timestamp":"2025-01-30T11:15:16.177Z"}
{"level":"info","message":{"duration":"3 ms","method":"GET","params":{},"path":"/style.css","query":{},"status":304},"timestamp":"2025-01-30T11:15:16.179Z"}
{"level":"info","message":{"duration":"7 ms","method":"GET","params":{},"path":"/api/products","query":{},"status":200},"timestamp":"2025-01-30T11:15:16.201Z"}
{"level":"info","message":{"duration":"5 ms","method":"GET","params":{},"path":"/api/user/products","query":{"email":"oma2221r.zakarneh5@aa.com"},"status":304},"timestamp":"2025-01-30T11:15:21.608Z"}
{"level":"info","message":{"duration":"6 ms","method":"GET","params":{},"path":"/api/user/products","query":{"email":"oma2221r.zakarneh5@aa.com"},"status":304},"timestamp":"2025-01-30T11:15:23.710Z"}
{"level":"info","message":{"duration":"4 ms","method":"GET","params":{},"path":"/","query":{},"status":304},"timestamp":"2025-01-31T14:03:23.666Z"}
{"level":"info","message":{"duration":"5 ms","method":"GET","params":{},"path":"/auth.css","query":{},"status":304},"timestamp":"2025-01-31T14:03:23.702Z"}
{"level":"info","message":{"duration":"8 ms","method":"GET","params":{},"path":"/auth.js","query":{},"status":304},"timestamp":"2025-01-31T14:03:23.707Z"}
